<?xml version="1.0" encoding="UTF-8"?>
<testng-results skipped="0" failed="0" ignored="0" total="4" passed="4">
  <reporter-output>
  </reporter-output>
  <suite name="Suite" duration-ms="0" started-at="2021-03-24T21:55:00 IST" finished-at="2021-03-24T21:55:00 IST">
    <groups>
    </groups>
  </suite> <!-- Suite -->
  <suite name="Suite (1)" duration-ms="23019" started-at="2021-03-24T21:54:37 IST" finished-at="2021-03-24T21:55:00 IST">
    <groups>
    </groups>
    <test name="Test1" duration-ms="23019" started-at="2021-03-24T21:54:37 IST" finished-at="2021-03-24T21:55:00 IST">
      <class name="testcases.Testcase1">
        <test-method status="PASS" signature="chromeBrowserTest1()[pri:0, instance:testcases.Testcase1@ea1a8d5]" name="chromeBrowserTest1" duration-ms="10962" started-at="2021-03-24T21:54:37 IST" finished-at="2021-03-24T21:54:48 IST">
          <reporter-output>
          </reporter-output>
        </test-method> <!-- chromeBrowserTest1 -->
        <test-method status="PASS" signature="chromeBrowserTest2()[pri:0, instance:testcases.Testcase1@ea1a8d5]" name="chromeBrowserTest2" duration-ms="12048" started-at="2021-03-24T21:54:48 IST" finished-at="2021-03-24T21:55:00 IST">
          <reporter-output>
          </reporter-output>
        </test-method> <!-- chromeBrowserTest2 -->
      </class> <!-- testcases.Testcase1 -->
    </test> <!-- Test1 -->
  </suite> <!-- Suite (1) -->
  <suite name="Suite (0)" duration-ms="32362" started-at="2021-03-24T21:54:05 IST" finished-at="2021-03-24T21:54:37 IST">
    <groups>
    </groups>
    <test name="Test2" duration-ms="32362" started-at="2021-03-24T21:54:05 IST" finished-at="2021-03-24T21:54:37 IST">
      <class name="testcases.Testcase2">
        <test-method status="PASS" signature="firefoxBrowserTest1()[pri:0, instance:testcases.Testcase2@184f6be2]" name="firefoxBrowserTest1" duration-ms="12528" started-at="2021-03-24T21:54:05 IST" finished-at="2021-03-24T21:54:17 IST">
          <reporter-output>
          </reporter-output>
        </test-method> <!-- firefoxBrowserTest1 -->
        <test-method status="PASS" signature="firefoxBrowserTest2()[pri:0, instance:testcases.Testcase2@184f6be2]" name="firefoxBrowserTest2" duration-ms="19788" started-at="2021-03-24T21:54:17 IST" finished-at="2021-03-24T21:54:37 IST">
          <reporter-output>
          </reporter-output>
        </test-method> <!-- firefoxBrowserTest2 -->
      </class> <!-- testcases.Testcase2 -->
    </test> <!-- Test2 -->
  </suite> <!-- Suite (0) -->
</testng-results>
